<?xml version="1.0" encoding="UTF-8"?>
<testng-results total="1" passed="1" failed="0" skipped="0">
  <reporter-output>
  </reporter-output>
  <suite started-at="2022-03-05T17:10:42Z" name="Suite" finished-at="2022-03-05T17:10:42Z" duration-ms="23">
    <groups>
    </groups>
    <test started-at="2022-03-05T17:10:42Z" name="Test" finished-at="2022-03-05T17:10:42Z" duration-ms="23">
      <class name="com.mycompany.app.AppTest">
        <test-method signature="shouldAnswerWithTrue()[pri:0, instance:com.mycompany.app.AppTest@4a668b6e]" started-at="2022-03-05T12:10:42Z" name="shouldAnswerWithTrue" finished-at="2022-03-05T12:10:42Z" duration-ms="12" status="PASS">
          <reporter-output>
          </reporter-output>
        </test-method> <!-- shouldAnswerWithTrue -->
      </class> <!-- com.mycompany.app.AppTest -->
    </test> <!-- Test -->
  </suite> <!-- Suite -->
</testng-results>
