<?xml version="1.0" encoding="UTF-8"?>
<testng-results total="1" passed="1" failed="0" skipped="0">
  <reporter-output>
  </reporter-output>
  <suite started-at="2022-03-05T02:59:51Z" name="Default suite" finished-at="2022-03-05T02:59:57Z" duration-ms="5205">
    <groups>
    </groups>
    <test started-at="2022-03-05T02:59:51Z" name="Default test" finished-at="2022-03-05T02:59:57Z" duration-ms="5205">
      <class name="com.mycompany.app.App">
        <test-method signature="testArraySum()[pri:0, instance:com.mycompany.app.App@120f102b]" started-at="2022-03-04T21:59:51Z" name="testArraySum" finished-at="2022-03-04T21:59:57Z" duration-ms="5194" status="PASS">
          <reporter-output>
          </reporter-output>
        </test-method> <!-- testArraySum -->
      </class> <!-- com.mycompany.app.App -->
    </test> <!-- Default test -->
  </suite> <!-- Default suite -->
</testng-results>
